                                      1 ;--------------------------------------------------------
                                      2 ; File Created by SDCC : free open source ANSI-C Compiler
                                      3 ; Version 4.0.0 #11528 (Linux)
                                      4 ;--------------------------------------------------------
                                      5 	.module stm
                                      6 	.optsdcc -mstm8
                                      7 	
                                      8 ;--------------------------------------------------------
                                      9 ; Public variables in this module
                                     10 ;--------------------------------------------------------
                                     11 	.globl _main
                                     12 	.globl _clock
                                     13 ;--------------------------------------------------------
                                     14 ; ram data
                                     15 ;--------------------------------------------------------
                                     16 	.area DATA
                                     17 ;--------------------------------------------------------
                                     18 ; ram data
                                     19 ;--------------------------------------------------------
                                     20 	.area INITIALIZED
                                     21 ;--------------------------------------------------------
                                     22 ; Stack segment in internal ram 
                                     23 ;--------------------------------------------------------
                                     24 	.area	SSEG
      000000                         25 __start__stack:
      000000                         26 	.ds	1
                                     27 
                                     28 ;--------------------------------------------------------
                                     29 ; absolute external ram data
                                     30 ;--------------------------------------------------------
                                     31 	.area DABS (ABS)
                                     32 
                                     33 ; default segment ordering for linker
                                     34 	.area HOME
                                     35 	.area GSINIT
                                     36 	.area GSFINAL
                                     37 	.area CONST
                                     38 	.area INITIALIZER
                                     39 	.area CODE
                                     40 
                                     41 ;--------------------------------------------------------
                                     42 ; interrupt vector 
                                     43 ;--------------------------------------------------------
                                     44 	.area HOME
      000000                         45 __interrupt_vect:
      000000 82v00u00u00             46 	int s_GSINIT ; reset
                                     47 ;--------------------------------------------------------
                                     48 ; global & static initialisations
                                     49 ;--------------------------------------------------------
                                     50 	.area HOME
                                     51 	.area GSINIT
                                     52 	.area GSFINAL
                                     53 	.area GSINIT
      000000                         54 __sdcc_gs_init_startup:
      000000                         55 __sdcc_init_data:
                                     56 ; stm8_genXINIT() start
      000000 AEr00r00         [ 2]   57 	ldw x, #l_DATA
      000003 27 07            [ 1]   58 	jreq	00002$
      000005                         59 00001$:
      000005 72 4FuFFuFF      [ 1]   60 	clr (s_DATA - 1, x)
      000009 5A               [ 2]   61 	decw x
      00000A 26 F9            [ 1]   62 	jrne	00001$
      00000C                         63 00002$:
      00000C AEr00r00         [ 2]   64 	ldw	x, #l_INITIALIZER
      00000F 27 09            [ 1]   65 	jreq	00004$
      000011                         66 00003$:
      000011 D6uFFuFF         [ 1]   67 	ld	a, (s_INITIALIZER - 1, x)
      000014 D7uFFuFF         [ 1]   68 	ld	(s_INITIALIZED - 1, x), a
      000017 5A               [ 2]   69 	decw	x
      000018 26 F7            [ 1]   70 	jrne	00003$
      00001A                         71 00004$:
                                     72 ; stm8_genXINIT() end
                                     73 	.area GSFINAL
      000000 CCr00r04         [ 2]   74 	jp	__sdcc_program_startup
                                     75 ;--------------------------------------------------------
                                     76 ; Home
                                     77 ;--------------------------------------------------------
                                     78 	.area HOME
                                     79 	.area HOME
      000004                         80 __sdcc_program_startup:
      000004 CCr00r16         [ 2]   81 	jp	_main
                                     82 ;	return from main will return to caller
                                     83 ;--------------------------------------------------------
                                     84 ; code
                                     85 ;--------------------------------------------------------
                                     86 	.area CODE
                                     87 ;	stm.c: 17: unsigned int clock(void)
                                     88 ;	-----------------------------------------
                                     89 ;	 function clock
                                     90 ;	-----------------------------------------
      000000                         91 _clock:
      000000 52 04            [ 2]   92 	sub	sp, #4
                                     93 ;	stm.c: 19: unsigned char h = TIM1_CNTRH;
      000002 C6 52 5E         [ 1]   94 	ld	a, 0x525e
      000005 95               [ 1]   95 	ld	xh, a
                                     96 ;	stm.c: 20: unsigned char l = TIM1_CNTRL;
      000006 C6 52 5F         [ 1]   97 	ld	a, 0x525f
                                     98 ;	stm.c: 21: return((unsigned int)(h) << 8 | l);
      000009 0F 02            [ 1]   99 	clr	(0x02, sp)
      00000B 0F 03            [ 1]  100 	clr	(0x03, sp)
      00000D 1A 02            [ 1]  101 	or	a, (0x02, sp)
      00000F 02               [ 1]  102 	rlwa	x
      000010 1A 03            [ 1]  103 	or	a, (0x03, sp)
      000012 95               [ 1]  104 	ld	xh, a
                                    105 ;	stm.c: 22: }
      000013 5B 04            [ 2]  106 	addw	sp, #4
      000015 81               [ 4]  107 	ret
                                    108 ;	stm.c: 24: void main(void)
                                    109 ;	-----------------------------------------
                                    110 ;	 function main
                                    111 ;	-----------------------------------------
      000016                        112 _main:
                                    113 ;	stm.c: 26: CLK_DIVR = 0x00; // Set the frequency to 16 MHz
      000016 35 00 50 C6      [ 1]  114 	mov	0x50c6+0, #0x00
                                    115 ;	stm.c: 30: TIM1_PSCRH = 0x3e;
      00001A 35 3E 52 60      [ 1]  116 	mov	0x5260+0, #0x3e
                                    117 ;	stm.c: 31: TIM1_PSCRL = 0x80;
      00001E 35 80 52 61      [ 1]  118 	mov	0x5261+0, #0x80
                                    119 ;	stm.c: 33: TIM1_CR1 = 0x01;
      000022 35 01 52 50      [ 1]  120 	mov	0x5250+0, #0x01
                                    121 ;	stm.c: 35: PD_DDR = 0x01;
      000026 35 01 50 11      [ 1]  122 	mov	0x5011+0, #0x01
                                    123 ;	stm.c: 36: PD_CR1 = 0x01;
      00002A 35 01 50 12      [ 1]  124 	mov	0x5012+0, #0x01
      00002E                        125 00102$:
                                    126 ;	stm.c: 39: PD_ODR = clock() % 1000 < 500;
      00002E CDr00r00         [ 4]  127 	call	_clock
      000031 90 AE 03 E8      [ 2]  128 	ldw	y, #0x03e8
      000035 65               [ 2]  129 	divw	x, y
      000036 90 A3 01 F4      [ 2]  130 	cpw	y, #0x01f4
      00003A 4F               [ 1]  131 	clr	a
      00003B 49               [ 1]  132 	rlc	a
      00003C C7 50 0F         [ 1]  133 	ld	0x500f, a
      00003F 20 ED            [ 2]  134 	jra	00102$
                                    135 ;	stm.c: 40: }
      000041 81               [ 4]  136 	ret
                                    137 	.area CODE
                                    138 	.area CONST
                                    139 	.area INITIALIZER
                                    140 	.area CABS (ABS)
